<?xml version="1.0" encoding="UTF-8"?>
<testng-results skipped="0" failed="0" ignored="0" total="2" passed="2">
  <reporter-output>
  </reporter-output>
  <suite name="Default suite" duration-ms="23015" started-at="2019-09-08T10:34:13Z" finished-at="2019-09-08T10:34:36Z">
    <groups>
      <group name="cucumber">
        <method signature="AbstractTestNGCucumberTests.runScenario(cucumber.api.testng.PickleEventWrapper, cucumber.api.testng.CucumberFeatureWrapper)[pri:0, instance:com.leafBot.testcases.TC001_LoginLogout@4e9ba398]" name="runScenario" class="cucumber.api.testng.AbstractTestNGCucumberTests"/>
      </group> <!-- cucumber -->
    </groups>
    <test name="Default test" duration-ms="23015" started-at="2019-09-08T10:34:13Z" finished-at="2019-09-08T10:34:36Z">
      <class name="com.leafBot.testcases.TC001_LoginLogout">
        <test-method status="PASS" signature="startReport()[pri:0, instance:com.leafBot.testcases.TC001_LoginLogout@4e9ba398]" name="startReport" is-config="true" duration-ms="530" started-at="2019-09-08T10:34:12Z" finished-at="2019-09-08T10:34:13Z">
          <reporter-output>
          </reporter-output>
        </test-method> <!-- startReport -->
        <test-method status="PASS" signature="setUpClass()[pri:0, instance:com.leafBot.testcases.TC001_LoginLogout@4e9ba398]" name="setUpClass" is-config="true" duration-ms="125" started-at="2019-09-08T10:34:13Z" finished-at="2019-09-08T10:34:13Z">
          <reporter-output>
          </reporter-output>
        </test-method> <!-- setUpClass -->
        <test-method status="PASS" signature="setData()[pri:0, instance:com.leafBot.testcases.TC001_LoginLogout@4e9ba398]" name="setData" is-config="true" duration-ms="0" started-at="2019-09-08T10:34:13Z" finished-at="2019-09-08T10:34:13Z">
          <reporter-output>
          </reporter-output>
        </test-method> <!-- setData -->
        <test-method status="PASS" signature="report()[pri:0, instance:com.leafBot.testcases.TC001_LoginLogout@4e9ba398]" name="report" is-config="true" duration-ms="0" started-at="2019-09-08T10:34:13Z" finished-at="2019-09-08T10:34:13Z">
          <reporter-output>
          </reporter-output>
        </test-method> <!-- report -->
        <test-method status="PASS" signature="beforeMethod()[pri:0, instance:com.leafBot.testcases.TC001_LoginLogout@4e9ba398]" name="beforeMethod" is-config="true" duration-ms="7359" started-at="2019-09-08T10:34:13Z" finished-at="2019-09-08T10:34:21Z">
          <reporter-output>
          </reporter-output>
        </test-method> <!-- beforeMethod -->
        <test-method status="PASS" signature="runTC001(java.lang.String, java.lang.String)[pri:0, instance:com.leafBot.testcases.TC001_LoginLogout@4e9ba398]" name="runTC001" duration-ms="2314" started-at="2019-09-08T10:34:21Z" data-provider="fetchData" finished-at="2019-09-08T10:34:23Z">
          <params>
            <param index="0">
              <value>
                <![CDATA[DemoSalesManager]]>
              </value>
            </param>
            <param index="1">
              <value>
                <![CDATA[crmsfa]]>
              </value>
            </param>
          </params>
          <reporter-output>
          </reporter-output>
        </test-method> <!-- runTC001 -->
        <test-method status="PASS" signature="afterMethod()[pri:0, instance:com.leafBot.testcases.TC001_LoginLogout@4e9ba398]" name="afterMethod" is-config="true" duration-ms="103" started-at="2019-09-08T10:34:23Z" finished-at="2019-09-08T10:34:23Z">
          <reporter-output>
          </reporter-output>
        </test-method> <!-- afterMethod -->
        <test-method status="PASS" signature="beforeMethod()[pri:0, instance:com.leafBot.testcases.TC001_LoginLogout@4e9ba398]" name="beforeMethod" is-config="true" duration-ms="8439" started-at="2019-09-08T10:34:23Z" finished-at="2019-09-08T10:34:32Z">
          <reporter-output>
          </reporter-output>
        </test-method> <!-- beforeMethod -->
        <test-method status="PASS" signature="runTC001(java.lang.String, java.lang.String)[pri:0, instance:com.leafBot.testcases.TC001_LoginLogout@4e9ba398]" name="runTC001" duration-ms="1894" started-at="2019-09-08T10:34:32Z" data-provider="fetchData" finished-at="2019-09-08T10:34:33Z">
          <params>
            <param index="0">
              <value>
                <![CDATA[DemoCSR]]>
              </value>
            </param>
            <param index="1">
              <value>
                <![CDATA[crmsfa]]>
              </value>
            </param>
          </params>
          <reporter-output>
          </reporter-output>
        </test-method> <!-- runTC001 -->
        <test-method status="PASS" signature="afterMethod()[pri:0, instance:com.leafBot.testcases.TC001_LoginLogout@4e9ba398]" name="afterMethod" is-config="true" duration-ms="2093" started-at="2019-09-08T10:34:33Z" finished-at="2019-09-08T10:34:36Z">
          <reporter-output>
          </reporter-output>
        </test-method> <!-- afterMethod -->
        <test-method status="PASS" signature="tearDownClass()[pri:0, instance:com.leafBot.testcases.TC001_LoginLogout@4e9ba398]" name="tearDownClass" is-config="true" duration-ms="0" started-at="2019-09-08T10:34:36Z" finished-at="2019-09-08T10:34:36Z">
          <reporter-output>
          </reporter-output>
        </test-method> <!-- tearDownClass -->
        <test-method status="PASS" signature="stopReport()[pri:0, instance:com.leafBot.testcases.TC001_LoginLogout@4e9ba398]" name="stopReport" is-config="true" duration-ms="359" started-at="2019-09-08T10:34:36Z" finished-at="2019-09-08T10:34:36Z">
          <reporter-output>
          </reporter-output>
        </test-method> <!-- stopReport -->
      </class> <!-- com.leafBot.testcases.TC001_LoginLogout -->
    </test> <!-- Default test -->
  </suite> <!-- Default suite -->
</testng-results>
